<?xml version="1.0" encoding="UTF-8"?>
<testsuite xmlns:xsi="http://www.w3.org/2001/XMLSchema-instance" xsi:noNamespaceSchemaLocation="https://maven.apache.org/surefire/maven-surefire-plugin/xsd/surefire-test-report-3.0.xsd" version="3.0" name="fit5171.monash.edu.TestChooseTicketFallbackToTransfer" time="0.003" tests="1" errors="0" skipped="0" failures="0">
  <properties>
[...]
</properties>
  <testcase name="testChooseTicketTriggersFallbackTransfer" classname="fit5171.monash.edu.TestChooseTicketFallbackToTransfer" time="0.003">
    <system-out><![CDATA[No direct flight found. Checking for transfer route...
No flights found to destination CityB
]]></system-out>
  </testcase>
</testsuite>